TN:
SF:src/compare.js
FN:3,(anonymous_0)
FN:8,(anonymous_1)
FNF:2
FNH:2
FNDA:1,(anonymous_0)
FNDA:5,(anonymous_1)
DA:3,1
DA:4,1
DA:5,1
DA:6,1
DA:7,1
DA:8,1
DA:9,5
DA:10,5
DA:11,5
DA:12,2
DA:23,3
DA:24,1
DA:26,2
DA:29,1
LF:14
LH:14
BRDA:11,0,0,2
BRDA:11,0,1,3
BRDA:11,1,0,5
BRDA:11,1,1,4
BRDA:12,2,0,1
BRDA:12,2,1,1
BRDA:23,3,0,1
BRDA:23,3,1,2
BRF:8
BRH:8
end_of_record
TN:
SF:src/index.js
FN:6,(anonymous_0)
FN:7,(anonymous_1)
FN:8,(anonymous_2)
FN:9,(anonymous_3)
FN:11,(anonymous_4)
FNF:5
FNH:4
FNDA:0,(anonymous_0)
FNDA:3,(anonymous_1)
FNDA:3,(anonymous_2)
FNDA:2,(anonymous_3)
FNDA:1,(anonymous_4)
DA:6,1
DA:7,3
DA:8,3
DA:9,2
DA:11,1
DA:12,1
DA:13,1
DA:14,1
DA:15,1
DA:16,1
DA:17,1
DA:18,1
LF:12
LH:12
BRF:0
BRH:0
end_of_record
TN:
SF:src/makeString.js
FN:1,(anonymous_0)
FN:2,(anonymous_1)
FNF:2
FNH:2
FNDA:1,(anonymous_0)
FNDA:5,(anonymous_1)
DA:1,1
DA:2,1
DA:9,5
DA:11,5
DA:13,1
DA:15,1
DA:17,2
DA:19,1
DA:21,0
DA:25,1
LF:10
LH:9
BRDA:11,0,0,1
BRDA:11,0,1,1
BRDA:11,0,2,2
BRDA:11,0,3,1
BRDA:11,0,4,0
BRF:5
BRH:4
end_of_record
